<?xml version="1.0" encoding="UTF-8"?>
<!-- Generated by org.testng.reporters.JUnitReportReporter -->
<testsuite hostname="DESKTOP-T0GGK7N" failures="0" tests="1" name="testcases.TC003_CreateLead" time="30.238" errors="0" timestamp="03 Jun 2018 07:15:00 GMT" skipped="0">
  <testcase classname="testcases.TC003_CreateLead" name="CreateLeadmethod" time="30.238"/>
</testsuite> <!-- testcases.TC003_CreateLead -->
